<?xml version="1.0" encoding="UTF-8"?>
<!-- Generated by org.testng.reporters.JUnitXMLReporter -->
<testsuite ignored="0" hostname="DESKTOP-TTC630B" failures="0" tests="9" name="Default test" time="0.06" errors="0" timestamp="2023-12-18T17:08:19 CST">
  <testcase classname="TCBaseBeforeAfter.TCBaseBeforeAfter" name="@BeforeClass setup" time="-1.702940899424E9">
    <failure type="org.testng.TestNGException" message="
Parameter &amp;apos;browser&amp;apos; is required by BeforeClass on method setup but has not been marked @Optional or defined
in C:\Users\Josue\AppData\Local\Temp\testng-eclipse--18534530\testng-customsuite.xml">
      <![CDATA[org.testng.TestNGException: 
Parameter 'browser' is required by BeforeClass on method setup but has not been marked @Optional or defined
in C:\Users\Josue\AppData\Local\Temp\testng-eclipse--18534530\testng-customsuite.xml
at org.testng.internal.Parameters.createParams(Parameters.java:267)
at org.testng.internal.Parameters.createParametersForMethod(Parameters.java:355)
at org.testng.internal.Parameters.createParameters(Parameters.java:684)
at org.testng.internal.Parameters.createConfigurationParameters(Parameters.java:166)
at org.testng.internal.invokers.ConfigInvoker.invokeConfigurations(ConfigInvoker.java:306)
at org.testng.internal.invokers.TestMethodWorker.invokeBeforeClassMethods(TestMethodWorker.java:180)
at org.testng.internal.invokers.TestMethodWorker.run(TestMethodWorker.java:122)
at java.base/java.util.ArrayList.forEach(ArrayList.java:1511)
at org.testng.TestRunner.privateRun(TestRunner.java:848)
at org.testng.TestRunner.run(TestRunner.java:621)
at org.testng.SuiteRunner.runTest(SuiteRunner.java:443)
at org.testng.SuiteRunner.runSequentially(SuiteRunner.java:437)
at org.testng.SuiteRunner.privateRun(SuiteRunner.java:397)
at org.testng.SuiteRunner.run(SuiteRunner.java:336)
at org.testng.SuiteRunnerWorker.runSuite(SuiteRunnerWorker.java:52)
at org.testng.SuiteRunnerWorker.run(SuiteRunnerWorker.java:95)
at org.testng.TestNG.runSuitesSequentially(TestNG.java:1280)
at org.testng.TestNG.runSuitesLocally(TestNG.java:1200)
at org.testng.TestNG.runSuites(TestNG.java:1114)
at org.testng.TestNG.run(TestNG.java:1082)
at org.testng.remote.AbstractRemoteTestNG.run(AbstractRemoteTestNG.java:115)
at org.testng.remote.RemoteTestNG.initAndRun(RemoteTestNG.java:251)
at org.testng.remote.RemoteTestNG.main(RemoteTestNG.java:77)
]]>
    </failure>
  </testcase> <!-- @BeforeClass setup -->
  <testcase classname="TCBaseBeforeAfter.TCBaseBeforeAfter" name="@AfterClass tearDown" time="0.0">
    <skipped/>
  </testcase> <!-- @AfterClass tearDown -->
  <testcase classname="testCases.LoginTestAutoPage" name="homePageShouldBeLoaded" time="0.0">
    <skipped/>
  </testcase> <!-- homePageShouldBeLoaded -->
  <testcase classname="testCases.LoginTestAutoPage" name="signupFormShouldBeFilledOut" time="0.0">
    <skipped/>
  </testcase> <!-- signupFormShouldBeFilledOut -->
  <testcase classname="testCases.LoginTestAutoPage" name="signupBtnShouldBeClicked" time="0.0">
    <skipped/>
  </testcase> <!-- signupBtnShouldBeClicked -->
  <testcase classname="testCases.LoginTestAutoPage" name="radioButtonShouldBeClicked" time="0.0">
    <skipped/>
  </testcase> <!-- radioButtonShouldBeClicked -->
  <testcase classname="testCases.LoginTestAutoPage" name="signUpShouldBeFilledOut" time="0.0">
    <skipped/>
  </testcase> <!-- signUpShouldBeFilledOut -->
  <testcase classname="testCases.LoginTestAutoPage" name="signUpShouldBeSubmitted" time="0.0">
    <skipped/>
  </testcase> <!-- signUpShouldBeSubmitted -->
  <testcase classname="testCases.LoginTestAutoPage" name="accountShouldBeCreated" time="0.0">
    <skipped/>
  </testcase> <!-- accountShouldBeCreated -->
  <testcase classname="testCases.LoginTestAutoPage" name="continueBtnShouldBeClicked" time="0.0">
    <skipped/>
  </testcase> <!-- continueBtnShouldBeClicked -->
  <testcase classname="testCases.LoginTestAutoPage" name="accountShouldBeDeleted" time="0.0">
    <skipped/>
  </testcase> <!-- accountShouldBeDeleted -->
</testsuite> <!-- Default test -->
